<?xml version="1.0" encoding="utf-8"?><testsuites name="pytest tests"><testsuite name="pytest" errors="0" failures="0" skipped="0" tests="16" time="2.379" timestamp="2026-02-10T15:28:04.890361+00:00" hostname="agent-env-5ba329ee-1066-4523-979b-9cc67e9bbbee"><testcase classname="backend.tests.test_chunked_upload.TestHealthCheck" name="test_api_health" time="0.088" /><testcase classname="backend.tests.test_chunked_upload.TestAuthentication" name="test_admin_login" time="0.258" /><testcase classname="backend.tests.test_chunked_upload.TestAuthentication" name="test_manager_login" time="0.275" /><testcase classname="backend.tests.test_chunked_upload.TestChunkedUpload" name="test_init_chunked_upload" time="0.012" /><testcase classname="backend.tests.test_chunked_upload.TestChunkedUpload" name="test_init_upload_invalid_file_type" time="0.009" /><testcase classname="backend.tests.test_chunked_upload.TestChunkedUpload" name="test_upload_chunk" time="0.089" /><testcase classname="backend.tests.test_chunked_upload.TestChunkedUpload" name="test_upload_chunk_invalid_session" time="0.044" /><testcase classname="backend.tests.test_chunked_upload.TestChunkedUpload" name="test_full_chunked_upload_flow" time="0.261" /><testcase classname="backend.tests.test_chunked_upload.TestChunkedUpload" name="test_finalize_without_chunks" time="0.057" /><testcase classname="backend.tests.test_chunked_upload.TestDirectUpload" name="test_direct_sale_upload" time="0.338" /><testcase classname="backend.tests.test_chunked_upload.TestDirectUpload" name="test_direct_purchase_upload" time="0.071" /><testcase classname="backend.tests.test_chunked_upload.TestStampResubmission" name="test_stock_entry_initial_submission" time="0.039" /><testcase classname="backend.tests.test_chunked_upload.TestStampResubmission" name="test_simulate_approval_then_resubmit" time="0.157" /><testcase classname="backend.tests.test_chunked_upload.TestChunkedUploadFileTypes" name="test_chunked_upload_opening_stock" time="0.086" /><testcase classname="backend.tests.test_chunked_upload.TestChunkedUploadFileTypes" name="test_chunked_upload_physical_stock" time="0.103" /><testcase classname="backend.tests.test_chunked_upload.TestUploadProgressIndicators" name="test_chunk_progress_tracking" time="0.128" /></testsuite></testsuites>