<?xml version="1.0" encoding="utf-8"?><testsuites name="pytest tests"><testsuite name="pytest" errors="0" failures="0" skipped="0" tests="15" time="49.780" timestamp="2026-02-11T12:23:04.379023+00:00" hostname="agent-env-4db6a1c6-f8b4-47bd-9003-43677b51f895"><testcase classname="tests.test_chunked_upload.TestHealthEndpoint" name="test_health_check" time="44.396" /><testcase classname="tests.test_chunked_upload.TestUploadInitEndpoint" name="test_upload_init_historical_sale" time="0.040" /><testcase classname="tests.test_chunked_upload.TestUploadInitEndpoint" name="test_upload_init_historical_purchase" time="0.010" /><testcase classname="tests.test_chunked_upload.TestUploadInitEndpoint" name="test_upload_init_sale" time="0.011" /><testcase classname="tests.test_chunked_upload.TestUploadInitEndpoint" name="test_upload_init_purchase" time="0.051" /><testcase classname="tests.test_chunked_upload.TestUploadInitEndpoint" name="test_upload_init_invalid_file_type" time="0.050" /><testcase classname="tests.test_chunked_upload.TestUploadChunkEndpoint" name="test_upload_chunk_to_valid_session" time="0.139" /><testcase classname="tests.test_chunked_upload.TestUploadChunkEndpoint" name="test_upload_chunk_to_invalid_session" time="0.041" /><testcase classname="tests.test_chunked_upload.TestUploadFinalizeEndpoint" name="test_finalize_nonexistent_session" time="0.009" /><testcase classname="tests.test_chunked_upload.TestUploadFinalizeEndpoint" name="test_finalize_without_chunks" time="0.064" /><testcase classname="tests.test_chunked_upload.TestUploadStatusEndpoint" name="test_status_nonexistent_session" time="0.009" /><testcase classname="tests.test_chunked_upload.TestHistoricalSummaryEndpoint" name="test_historical_summary" time="0.340" /><testcase classname="tests.test_chunked_upload.TestFullChunkedUploadFlow" name="test_full_chunked_upload_sale" time="2.125" /><testcase classname="tests.test_chunked_upload.TestFullChunkedUploadFlow" name="test_full_chunked_upload_purchase" time="2.163" /><testcase classname="tests.test_chunked_upload.TestStreamingParserDirectly" name="test_streaming_parser_used_in_chunked_upload" time="0.000" /></testsuite></testsuites>