<?xml version="1.0" encoding="utf-8"?><testsuites name="pytest tests"><testsuite name="pytest" errors="0" failures="0" skipped="0" tests="19" time="2.366" timestamp="2026-02-11T13:05:47.536358+00:00" hostname="agent-env-4db6a1c6-f8b4-47bd-9003-43677b51f895"><testcase classname="tests.test_client_batch_upload.TestClientBatchEndpoint" name="test_health_check" time="0.089" /><testcase classname="tests.test_client_batch_upload.TestClientBatchEndpoint" name="test_client_batch_missing_file_type" time="0.012" /><testcase classname="tests.test_client_batch_upload.TestClientBatchEndpoint" name="test_client_batch_missing_batch_id" time="0.012" /><testcase classname="tests.test_client_batch_upload.TestClientBatchEndpoint" name="test_client_batch_empty_rows" time="0.049" /><testcase classname="tests.test_client_batch_upload.TestClientBatchEndpoint" name="test_client_batch_empty_rows_final" time="0.099" /><testcase classname="tests.test_client_batch_upload.TestHistoricalSaleUpload" name="test_sale_column_mapping" time="0.140" /><testcase classname="tests.test_client_batch_upload.TestHistoricalSaleUpload" name="test_sale_type_s_becomes_sale" time="0.100" /><testcase classname="tests.test_client_batch_upload.TestHistoricalSaleUpload" name="test_sale_type_s_return_becomes_sale_return" time="0.101" /><testcase classname="tests.test_client_batch_upload.TestHistoricalPurchaseUpload" name="test_purchase_column_mapping" time="0.098" /><testcase classname="tests.test_client_batch_upload.TestHistoricalPurchaseUpload" name="test_purchase_type_p_becomes_purchase" time="0.098" /><testcase classname="tests.test_client_batch_upload.TestMultiBatchUpload" name="test_three_batch_upload_accumulates" time="0.302" /><testcase classname="tests.test_client_batch_upload.TestHistoricalSummary" name="test_summary_returns_years" time="0.316" /><testcase classname="tests.test_client_batch_upload.TestHistoricalSummary" name="test_summary_after_upload" time="0.412" /><testcase classname="tests.test_client_batch_upload.TestWeightConversion" name="test_sale_weight_conversion" time="0.101" /><testcase classname="tests.test_client_batch_upload.TestWeightConversion" name="test_purchase_weight_conversion" time="0.098" /><testcase classname="tests.test_client_batch_upload.TestOldUploadEndpoints" name="test_transactions_upload_sale_endpoint_exists" time="0.010" /><testcase classname="tests.test_client_batch_upload.TestOldUploadEndpoints" name="test_transactions_upload_purchase_endpoint_exists" time="0.009" /><testcase classname="tests.test_client_batch_upload.TestIsFinalFlag" name="test_is_final_returns_message" time="0.099" /><testcase classname="tests.test_client_batch_upload.TestIsFinalFlag" name="test_not_final_no_message" time="0.139" /></testsuite></testsuites>