<?xml version="1.0" encoding="utf-8"?><testsuites name="pytest tests"><testsuite name="pytest" errors="0" failures="0" skipped="0" tests="8" time="2.893" timestamp="2026-03-18T12:36:03.633147+00:00" hostname="agent-env-aba3e69e-716a-4d39-b918-7a1028ed12ad"><testcase classname="backend.tests.test_dashboard_features.TestDashboardStatsEndpoint" name="test_stats_endpoint_returns_date_range" time="0.531" /><testcase classname="backend.tests.test_dashboard_features.TestDashboardStatsEndpoint" name="test_stats_endpoint_returns_total_items" time="0.485" /><testcase classname="backend.tests.test_dashboard_features.TestDashboardStatsEndpoint" name="test_stats_endpoint_contains_all_expected_fields" time="0.516" /><testcase classname="backend.tests.test_dashboard_features.TestDashboardStatsEndpoint" name="test_stats_date_range_matches_expected_values" time="0.498" /><testcase classname="backend.tests.test_dashboard_features.TestPDFManualEndpoints" name="test_english_manual_accessible" time="0.108" /><testcase classname="backend.tests.test_dashboard_features.TestPDFManualEndpoints" name="test_hindi_manual_accessible" time="0.112" /><testcase classname="backend.tests.test_dashboard_features.TestPDFManualEndpoints" name="test_pdf_files_have_reasonable_size" time="0.267" /><testcase classname="backend.tests.test_dashboard_features.TestStatsEndpointSecurity" name="test_stats_requires_authentication" time="0.182" /></testsuite></testsuites>