<?xml version="1.0" encoding="utf-8"?><testsuites name="pytest tests"><testsuite name="pytest" errors="0" failures="0" skipped="1" tests="10" time="2.750" timestamp="2026-03-20T09:08:36.306290+00:00" hostname="agent-env-ef134708-c90c-456b-a635-5093d60f3976"><testcase classname="backend.tests.test_date_filtering_and_compare.TestDateFilteringInventory" name="test_current_inventory_no_date" time="0.559" /><testcase classname="backend.tests.test_date_filtering_and_compare.TestDateFilteringInventory" name="test_inventory_date_filtered_returns_different_values" time="0.650" /><testcase classname="backend.tests.test_date_filtering_and_compare.TestUploadPreviewDateScoping" name="test_upload_preview_uses_date_scoped_base" time="0.315" /><testcase classname="backend.tests.test_date_filtering_and_compare.TestUploadPreviewDateScoping" name="test_upload_preview_requires_verification_date" time="0.099" /><testcase classname="backend.tests.test_date_filtering_and_compare.TestCompareEndpointDateScoping" name="test_compare_returns_required_fields" time="0.171" /><testcase classname="backend.tests.test_date_filtering_and_compare.TestCompareEndpointDateScoping" name="test_compare_requires_verification_date" time="0.104" /><testcase classname="backend.tests.test_date_filtering_and_compare.TestCompareEndpointDateScoping" name="test_compare_uses_same_identity_as_current_stock" time="0.372" /><testcase classname="backend.tests.test_date_filtering_and_compare.TestGroupResolution" name="test_group_member_resolves_to_leader" time="0.125" /><testcase classname="backend.tests.test_date_filtering_and_compare.TestApplyUpdates" name="test_apply_updates_endpoint_exists" time="0.185"><skipped type="pytest.skip" message="No session_id in preview response">/app/backend/tests/test_date_filtering_and_compare.py:341: No session_id in preview response</skipped></testcase><testcase classname="backend.tests.test_date_filtering_and_compare.TestPhysicalStockDates" name="test_dates_endpoint_returns_list" time="0.118" /></testsuite></testsuites>