<?xml version="1.0" encoding="utf-8"?><testsuites name="pytest tests"><testsuite name="pytest" errors="0" failures="0" skipped="0" tests="14" time="2.269" timestamp="2026-02-21T15:41:14.185324+00:00" hostname="agent-env-185e1f87-6c19-4cb5-87e0-7e2413699d53"><testcase classname="backend.tests.test_date_verification.TestHealthAndAuth" name="test_health_endpoint" time="0.254" /><testcase classname="backend.tests.test_date_verification.TestHealthAndAuth" name="test_executive_login" time="0.273" /><testcase classname="backend.tests.test_date_verification.TestStockEntryEndpoint" name="test_stock_entry_accepts_verification_date" time="0.327" /><testcase classname="backend.tests.test_date_verification.TestStockEntryEndpoint" name="test_stock_entry_with_past_date" time="0.053" /><testcase classname="backend.tests.test_date_verification.TestStockEntryEndpoint" name="test_stock_entry_defaults_to_today" time="0.060" /><testcase classname="backend.tests.test_date_verification.TestApprovalDetailsEndpoint" name="test_approval_details_returns_verification_date" time="0.618" /><testcase classname="backend.tests.test_date_verification.TestApprovalDetailsEndpoint" name="test_approval_details_comparison_structure" time="0.074" /><testcase classname="backend.tests.test_date_verification.TestDateFilteredClosingStock" name="test_closing_stock_service_callable" time="0.067" /><testcase classname="backend.tests.test_date_verification.TestMyEntriesEndpoint" name="test_my_entries_shows_verification_date" time="0.044" /><testcase classname="backend.tests.test_date_verification.TestAllEntriesEndpoint" name="test_all_entries_shows_verification_date" time="0.046" /><testcase classname="backend.tests.test_date_verification.TestColorCodingLogic" name="test_color_coding_thresholds" time="0.058" /><testcase classname="backend.tests.test_date_verification.TestUpdateEntryEndpoint" name="test_update_entry_accepts_verification_date" time="0.100" /><testcase classname="backend.tests.test_date_verification.TestMasterItems" name="test_stamp_3_has_items" time="0.067" /><testcase classname="backend.tests.test_date_verification.TestIntegrationFlow" name="test_full_stock_entry_and_approval_flow" time="0.117" /></testsuite></testsuites>