<?xml version="1.0" encoding="utf-8"?><testsuites name="pytest tests"><testsuite name="pytest" errors="0" failures="0" skipped="0" tests="7" time="3.606" timestamp="2026-05-30T13:02:18.378238+00:00" hostname="agent-env-17a1994a-b7ab-4c1c-b915-6a037bc08b53"><testcase classname="tests.test_freshness_and_reconciliation_endpoints" name="test_summary_status_returns_freshness_fields" time="0.675" /><testcase classname="tests.test_freshness_and_reconciliation_endpoints" name="test_recompute_summaries_returns_last_computed_at" time="0.718" /><testcase classname="tests.test_freshness_and_reconciliation_endpoints" name="test_dashboard_year_summary_includes_freshness" time="0.466" /><testcase classname="tests.test_freshness_and_reconciliation_endpoints" name="test_monthly_profit_includes_freshness" time="0.529" /><testcase classname="tests.test_freshness_and_reconciliation_endpoints" name="test_sales_reconciliation_returns_per_item_rows" time="0.517" /><testcase classname="tests.test_freshness_and_reconciliation_endpoints" name="test_sales_reconciliation_requires_auth" time="0.106" /><testcase classname="tests.test_freshness_and_reconciliation_endpoints" name="test_sales_reconciliation_requires_admin" time="0.523" /></testsuite></testsuites>