<?xml version="1.0" encoding="utf-8"?><testsuites name="pytest tests"><testsuite name="pytest" errors="0" failures="0" skipped="7" tests="13" time="0.501" timestamp="2026-05-30T13:02:08.959129+00:00" hostname="agent-env-17a1994a-b7ab-4c1c-b915-6a037bc08b53"><testcase classname="tests.test_summary_freshness" name="test_meta_doc_written_after_recompute" time="0.084" /><testcase classname="tests.test_summary_freshness" name="test_is_stale_detects_new_transaction" time="0.057" /><testcase classname="tests.test_summary_freshness" name="test_is_stale_detects_deletion" time="0.059" /><testcase classname="tests.test_summary_freshness" name="test_ensure_year_summary_fresh_noop_when_clean" time="0.059" /><testcase classname="tests.test_summary_freshness" name="test_ensure_year_summary_fresh_recomputes_when_stale" time="0.052" /><testcase classname="tests.test_summary_freshness" name="test_ensure_year_summary_fresh_no_transactions" time="0.031" /><testcase classname="tests.test_freshness_and_reconciliation_endpoints" name="test_summary_status_returns_freshness_fields" time="0.000"><skipped type="pytest.skip" message="REACT_APP_BACKEND_URL not set">/app/backend/tests/test_freshness_and_reconciliation_endpoints.py:16: REACT_APP_BACKEND_URL not set</skipped></testcase><testcase classname="tests.test_freshness_and_reconciliation_endpoints" name="test_recompute_summaries_returns_last_computed_at" time="0.000"><skipped type="pytest.skip" message="REACT_APP_BACKEND_URL not set">/app/backend/tests/test_freshness_and_reconciliation_endpoints.py:16: REACT_APP_BACKEND_URL not set</skipped></testcase><testcase classname="tests.test_freshness_and_reconciliation_endpoints" name="test_dashboard_year_summary_includes_freshness" time="0.000"><skipped type="pytest.skip" message="REACT_APP_BACKEND_URL not set">/app/backend/tests/test_freshness_and_reconciliation_endpoints.py:16: REACT_APP_BACKEND_URL not set</skipped></testcase><testcase classname="tests.test_freshness_and_reconciliation_endpoints" name="test_monthly_profit_includes_freshness" time="0.000"><skipped type="pytest.skip" message="REACT_APP_BACKEND_URL not set">/app/backend/tests/test_freshness_and_reconciliation_endpoints.py:16: REACT_APP_BACKEND_URL not set</skipped></testcase><testcase classname="tests.test_freshness_and_reconciliation_endpoints" name="test_sales_reconciliation_returns_per_item_rows" time="0.000"><skipped type="pytest.skip" message="REACT_APP_BACKEND_URL not set">/app/backend/tests/test_freshness_and_reconciliation_endpoints.py:16: REACT_APP_BACKEND_URL not set</skipped></testcase><testcase classname="tests.test_freshness_and_reconciliation_endpoints" name="test_sales_reconciliation_requires_auth" time="0.000"><skipped type="pytest.skip" message="REACT_APP_BACKEND_URL not set">/app/backend/tests/test_freshness_and_reconciliation_endpoints.py:114: REACT_APP_BACKEND_URL not set</skipped></testcase><testcase classname="tests.test_freshness_and_reconciliation_endpoints" name="test_sales_reconciliation_requires_admin" time="0.000"><skipped type="pytest.skip" message="REACT_APP_BACKEND_URL not set">/app/backend/tests/test_freshness_and_reconciliation_endpoints.py:124: REACT_APP_BACKEND_URL not set</skipped></testcase></testsuite></testsuites>