<?xml version="1.0" encoding="utf-8"?><testsuites name="pytest tests"><testsuite name="pytest" errors="0" failures="0" skipped="0" tests="18" time="8.196" timestamp="2026-02-11T08:57:11.017280+00:00" hostname="agent-env-46d3df85-6f27-43fe-ac34-fa3e1dc8c773"><testcase classname="tests.test_historical_profit_and_upload.TestHealthCheck" name="test_health_endpoint" time="0.102" /><testcase classname="tests.test_historical_profit_and_upload.TestHistoricalProfitYearly" name="test_yearly_summary_with_year" time="1.042" /><testcase classname="tests.test_historical_profit_and_upload.TestHistoricalProfitYearly" name="test_yearly_summary_without_year" time="1.034" /><testcase classname="tests.test_historical_profit_and_upload.TestHistoricalProfitCustomer" name="test_customer_wise_profit" time="1.219" /><testcase classname="tests.test_historical_profit_and_upload.TestHistoricalProfitSupplier" name="test_supplier_wise_profit" time="0.942" /><testcase classname="tests.test_historical_profit_and_upload.TestHistoricalProfitItem" name="test_item_wise_profit" time="1.387" /><testcase classname="tests.test_historical_profit_and_upload.TestHistoricalProfitMonth" name="test_month_wise_profit" time="0.989" /><testcase classname="tests.test_historical_profit_and_upload.TestHistoricalProfitInvalidView" name="test_invalid_view_returns_400" time="0.833" /><testcase classname="tests.test_historical_profit_and_upload.TestChunkedUploadInit" name="test_init_upload_sale" time="0.097" /><testcase classname="tests.test_historical_profit_and_upload.TestChunkedUploadInit" name="test_init_upload_purchase" time="0.037" /><testcase classname="tests.test_historical_profit_and_upload.TestChunkedUploadInit" name="test_init_upload_historical_sale" time="0.040" /><testcase classname="tests.test_historical_profit_and_upload.TestChunkedUploadInit" name="test_init_upload_historical_purchase" time="0.034" /><testcase classname="tests.test_historical_profit_and_upload.TestChunkedUploadInit" name="test_init_upload_invalid_type" time="0.035" /><testcase classname="tests.test_historical_profit_and_upload.TestChunkedUploadStatus" name="test_status_nonexistent_upload" time="0.037" /><testcase classname="tests.test_historical_profit_and_upload.TestChunkedUploadStatus" name="test_status_existing_upload" time="0.078" /><testcase classname="tests.test_historical_profit_and_upload.TestDashboardStatsExcludesHistorical" name="test_stats_excludes_historical" time="0.043" /><testcase classname="tests.test_historical_profit_and_upload.TestChunkedUploadFinalize" name="test_finalize_nonexistent_upload" time="0.035" /><testcase classname="tests.test_historical_profit_and_upload.TestChunkedUploadFinalize" name="test_finalize_without_chunks" time="0.071" /></testsuite></testsuites>