<?xml version="1.0" encoding="utf-8"?><testsuites name="pytest tests"><testsuite name="pytest" errors="0" failures="0" skipped="0" tests="8" time="4.341" timestamp="2026-03-24T16:59:25.485278+00:00" hostname="agent-env-6b608f33-4d4b-4619-a0b3-db1c26fee9a5"><testcase classname="backend.tests.test_individual_stock_computation.TestIndividualStockComputation" name="test_inventory_endpoint_returns_200" time="0.675" /><testcase classname="backend.tests.test_individual_stock_computation.TestIndividualStockComputation" name="test_by_stamp_contains_individual_items_not_merged" time="0.475" /><testcase classname="backend.tests.test_individual_stock_computation.TestIndividualStockComputation" name="test_tulsi_group_members_have_individual_stamps" time="0.517" /><testcase classname="backend.tests.test_individual_stock_computation.TestIndividualStockComputation" name="test_inventory_list_shows_grouped_display" time="0.488" /><testcase classname="backend.tests.test_individual_stock_computation.TestIndividualStockComputation" name="test_group_display_totals_are_correct" time="0.465" /><testcase classname="backend.tests.test_individual_stock_computation.TestApprovalDetailsEndpoint" name="test_approval_details_uses_individual_book_values" time="0.504" /><testcase classname="backend.tests.test_individual_stock_computation.TestDBIndexes" name="test_inventory_endpoint_performance" time="0.495" /><testcase classname="backend.tests.test_individual_stock_computation.TestUIFeatures" name="test_manager_all_entries_endpoint" time="0.597" /></testsuite></testsuites>