<?xml version="1.0" encoding="utf-8"?><testsuites name="pytest tests"><testsuite name="pytest" errors="0" failures="0" skipped="0" tests="17" time="3.067" timestamp="2026-02-20T12:25:31.551687+00:00" hostname="agent-env-185e1f87-6c19-4cb5-87e0-7e2413699d53"><testcase classname="backend.tests.test_item_grouping.TestHealthAndAuth" name="test_health_endpoint" time="0.128" /><testcase classname="backend.tests.test_item_grouping.TestHealthAndAuth" name="test_login_success" time="0.324" /><testcase classname="backend.tests.test_item_grouping.TestItemGroupsAPI" name="test_get_item_groups" time="0.440" /><testcase classname="backend.tests.test_item_grouping.TestCurrentStockGrouping" name="test_current_inventory_endpoint" time="0.175" /><testcase classname="backend.tests.test_item_grouping.TestCurrentStockGrouping" name="test_grouped_items_have_is_group_flag" time="0.155" /><testcase classname="backend.tests.test_item_grouping.TestCurrentStockGrouping" name="test_specific_group_in_inventory" time="0.179" /><testcase classname="backend.tests.test_item_grouping.TestCurrentStockGrouping" name="test_fine_and_labour_use_group_ledger" time="0.148" /><testcase classname="backend.tests.test_item_grouping.TestCustomerProfitGrouping" name="test_customer_profit_endpoint" time="0.143" /><testcase classname="backend.tests.test_item_grouping.TestCustomerProfitGrouping" name="test_customer_profit_with_date_range" time="0.107" /><testcase classname="backend.tests.test_item_grouping.TestSupplierProfitGrouping" name="test_supplier_profit_endpoint" time="0.135" /><testcase classname="backend.tests.test_item_grouping.TestItemProfitGrouping" name="test_item_profit_endpoint" time="0.148" /><testcase classname="backend.tests.test_item_grouping.TestItemProfitGrouping" name="test_item_profit_with_date_range" time="0.138" /><testcase classname="backend.tests.test_item_grouping.TestVisualizationGrouping" name="test_visualization_endpoint" time="0.154" /><testcase classname="backend.tests.test_item_grouping.TestNegativeItemsReduction" name="test_negative_items_count" time="0.150" /><testcase classname="backend.tests.test_item_grouping.TestSearchFilterWithGroups" name="test_search_finds_group_by_leader_name" time="0.167" /><testcase classname="backend.tests.test_item_grouping.TestSearchFilterWithGroups" name="test_search_finds_group_by_member_name" time="0.177" /><testcase classname="backend.tests.test_item_grouping.TestPurchaseLedgerGrouping" name="test_purchase_ledger_endpoint" time="0.116" /></testsuite></testsuites>