<?xml version="1.0" encoding="utf-8"?><testsuites name="pytest tests"><testsuite name="pytest" errors="0" failures="0" skipped="0" tests="6" time="3.494" timestamp="2026-03-24T16:04:54.439143+00:00" hostname="agent-env-6b608f33-4d4b-4619-a0b3-db1c26fee9a5"><testcase classname="tests.test_iteration_26_fixes.TestHealthAndPerformance" name="test_health_check" time="0.275" /><testcase classname="tests.test_iteration_26_fixes.TestHealthAndPerformance" name="test_inventory_endpoint_performance" time="0.692" /><testcase classname="tests.test_iteration_26_fixes.TestManagerApprovals" name="test_all_entries_endpoint" time="0.511" /><testcase classname="tests.test_iteration_26_fixes.TestManagerApprovals" name="test_approval_details_endpoint" time="0.675" /><testcase classname="tests.test_iteration_26_fixes.TestManagerApprovals" name="test_approval_details_performance" time="0.626" /><testcase classname="tests.test_iteration_26_fixes.TestDatabaseIndexes" name="test_transactions_query_performance" time="0.538" /></testsuite></testsuites>