<?xml version="1.0" encoding="utf-8"?><testsuites name="pytest tests"><testsuite name="pytest" errors="0" failures="0" skipped="0" tests="8" time="16.198" timestamp="2026-03-09T08:15:37.491931+00:00" hostname="agent-env-1023971b-c6a4-493c-aab3-4982dbecea8f"><testcase classname="backend.tests.test_new_features.TestHealthEndpoint" name="test_health_endpoint_returns_200" time="0.236" /><testcase classname="backend.tests.test_new_features.TestAuthLogin" name="test_login_success_admin" time="0.322" /><testcase classname="backend.tests.test_new_features.TestNotificationsCategorized" name="test_notifications_returns_200_with_auth" time="0.456" /><testcase classname="backend.tests.test_new_features.TestSeasonalAnalysis" name="test_seasonal_analysis_returns_200_within_timeout" time="12.181" /><testcase classname="backend.tests.test_new_features.TestItemBuffersCategorize" name="test_categorize_returns_season_boost" time="1.272" /><testcase classname="backend.tests.test_new_features.TestItemBuffersCategorize" name="test_item_buffers_has_season_boost" time="1.473" /><testcase classname="backend.tests.test_new_features.TestAuthWithoutLogin" name="test_seasonal_analysis_requires_auth" time="0.101" /><testcase classname="backend.tests.test_new_features.TestAuthWithoutLogin" name="test_categorize_requires_auth" time="0.099" /></testsuite></testsuites>