<?xml version="1.0" encoding="utf-8"?><testsuites name="pytest tests"><testsuite name="pytest" errors="0" failures="0" skipped="1" tests="19" time="5.044" timestamp="2026-03-20T09:10:08.548978+00:00" hostname="agent-env-ef134708-c90c-456b-a635-5093d60f3976"><testcase classname="backend.tests.test_upload_preview_fixes.TestHealthAndBasics" name="test_health_endpoint" time="0.126" /><testcase classname="backend.tests.test_upload_preview_fixes.TestCurrentInventory" name="test_current_inventory_returns_data" time="0.515" /><testcase classname="backend.tests.test_upload_preview_fixes.TestCurrentInventory" name="test_current_inventory_has_group_member_breakdown" time="0.184" /><testcase classname="backend.tests.test_upload_preview_fixes.TestUploadPreviewGroupMemberResolution" name="test_group_member_resolves_to_leader" time="0.405" /><testcase classname="backend.tests.test_upload_preview_fixes.TestUploadPreviewBaseMatchesCurrentStock" name="test_base_values_match_current_inventory" time="0.371" /><testcase classname="backend.tests.test_upload_preview_fixes.TestCompareEndpointGrossDifference" name="test_compare_includes_gross_difference" time="0.270" /><testcase classname="backend.tests.test_upload_preview_fixes.TestCompareEndpointGrossDifference" name="test_compare_requires_verification_date" time="0.102" /><testcase classname="backend.tests.test_upload_preview_fixes.TestApplyUpdates" name="test_apply_updates_works" time="0.352" /><testcase classname="backend.tests.test_upload_preview_fixes.TestPhysicalStockDates" name="test_dates_sorted_descending" time="0.099" /><testcase classname="backend.tests.test_date_filtering_and_compare.TestDateFilteringInventory" name="test_current_inventory_no_date" time="0.519" /><testcase classname="backend.tests.test_date_filtering_and_compare.TestDateFilteringInventory" name="test_inventory_date_filtered_returns_different_values" time="0.600" /><testcase classname="backend.tests.test_date_filtering_and_compare.TestUploadPreviewDateScoping" name="test_upload_preview_uses_date_scoped_base" time="0.176" /><testcase classname="backend.tests.test_date_filtering_and_compare.TestUploadPreviewDateScoping" name="test_upload_preview_requires_verification_date" time="0.103" /><testcase classname="backend.tests.test_date_filtering_and_compare.TestCompareEndpointDateScoping" name="test_compare_returns_required_fields" time="0.165" /><testcase classname="backend.tests.test_date_filtering_and_compare.TestCompareEndpointDateScoping" name="test_compare_requires_verification_date" time="0.100" /><testcase classname="backend.tests.test_date_filtering_and_compare.TestCompareEndpointDateScoping" name="test_compare_uses_same_identity_as_current_stock" time="0.372" /><testcase classname="backend.tests.test_date_filtering_and_compare.TestGroupResolution" name="test_group_member_resolves_to_leader" time="0.124" /><testcase classname="backend.tests.test_date_filtering_and_compare.TestApplyUpdates" name="test_apply_updates_endpoint_exists" time="0.182"><skipped type="pytest.skip" message="No session_id in preview response">/app/backend/tests/test_date_filtering_and_compare.py:341: No session_id in preview response</skipped></testcase><testcase classname="backend.tests.test_date_filtering_and_compare.TestPhysicalStockDates" name="test_dates_endpoint_returns_list" time="0.100" /></testsuite></testsuites>