<?xml version="1.0" encoding="utf-8"?><testsuites name="pytest tests"><testsuite name="pytest" errors="0" failures="0" skipped="0" tests="28" time="6.252" timestamp="2026-03-14T16:12:12.927804+00:00" hostname="agent-env-8c9f3aca-18f8-44e9-849f-fd1da22fdf0e"><testcase classname="tests.test_physical_stock.TestPhysicalStockParser" name="test_2col_gross_only" time="0.630" /><testcase classname="tests.test_physical_stock.TestPhysicalStockParser" name="test_3col_gross_and_net" time="0.251" /><testcase classname="tests.test_physical_stock.TestPhysicalStockParser" name="test_header_variants" time="0.269" /><testcase classname="tests.test_physical_stock.TestPhysicalStockParser" name="test_4col_with_stamp" time="0.259" /><testcase classname="tests.test_physical_stock.TestPhysicalStockParser" name="test_total_rows_skipped" time="0.241" /><testcase classname="tests.test_physical_stock.TestPreviewDiff" name="test_omitted_items_unchanged" time="0.243" /><testcase classname="tests.test_physical_stock.TestPreviewDiff" name="test_unmatched_items_blocked" time="0.269" /><testcase classname="tests.test_physical_stock.TestPreviewDiff" name="test_gross_only_preserves_net" time="0.255" /><testcase classname="tests.test_physical_stock.TestApplyUpdates" name="test_approve_single_row" time="0.514" /><testcase classname="tests.test_physical_stock.TestApplyUpdates" name="test_approve_all" time="0.231" /><testcase classname="tests.test_physical_stock.TestApplyUpdates" name="test_unmatched_skipped_in_apply" time="0.236" /><testcase classname="tests.test_physical_stock.TestApplyUpdates" name="test_empty_db_rejects_preview" time="0.122" /><testcase classname="tests.test_physical_stock.TestChunkedPhysicalStock" name="test_chunked_upload_init" time="0.268" /><testcase classname="tests.test_upload_flows.TestTransactionUpload" name="test_purchase_upload_endpoint_exists" time="0.491" /><testcase classname="tests.test_upload_flows.TestTransactionUpload" name="test_sale_upload_endpoint_exists" time="0.141" /><testcase classname="tests.test_upload_flows.TestChunkedUpload" name="test_chunked_init_purchase" time="0.115" /><testcase classname="tests.test_upload_flows.TestChunkedUpload" name="test_chunked_init_sale" time="0.108" /><testcase classname="tests.test_upload_flows.TestChunkedUpload" name="test_chunked_init_branch_transfer" time="0.121" /><testcase classname="tests.test_upload_flows.TestChunkedUpload" name="test_chunked_init_opening_stock" time="0.102" /><testcase classname="tests.test_upload_flows.TestChunkedUpload" name="test_chunked_init_master_stock" time="0.113" /><testcase classname="tests.test_upload_flows.TestChunkedUpload" name="test_chunked_init_invalid_type" time="0.107" /><testcase classname="tests.test_upload_flows.TestOpeningStockUpload" name="test_opening_stock_upload_endpoint" time="0.144" /><testcase classname="tests.test_upload_flows.TestMasterStockUpload" name="test_master_stock_upload_endpoint" time="0.142" /><testcase classname="tests.test_upload_flows.TestPhysicalStockFullUpload" name="test_physical_stock_full_replacement" time="0.113" /><testcase classname="tests.test_upload_flows.TestUploadAuthRequired" name="test_physical_stock_upload_requires_auth" time="0.105" /><testcase classname="tests.test_upload_flows.TestUploadAuthRequired" name="test_physical_stock_preview_requires_auth" time="0.106" /><testcase classname="tests.test_upload_flows.TestUploadAuthRequired" name="test_physical_stock_apply_requires_auth" time="0.105" /><testcase classname="tests.test_upload_flows.TestUploadAuthRequired" name="test_upload_init_requires_auth" time="0.150" /></testsuite></testsuites>