<?xml version="1.0" encoding="utf-8"?><testsuites name="pytest tests"><testsuite name="pytest" errors="0" failures="0" skipped="0" tests="10" time="3.947" timestamp="2026-03-19T12:47:24.525922+00:00" hostname="agent-env-d0f40fb5-f12d-46bb-9adf-80c749f6c32e"><testcase classname="backend.tests.test_physical_stock_baseline.TestInventoryBaselineCreation" name="test_baseline_created_on_approve" time="0.341" /><testcase classname="backend.tests.test_physical_stock_baseline.TestInventoryBaselineCreation" name="test_baseline_only_for_approved_items" time="0.338" /><testcase classname="backend.tests.test_physical_stock_baseline.TestCurrentStockCalculation" name="test_current_stock_uses_baseline" time="0.531" /><testcase classname="backend.tests.test_physical_stock_baseline.TestCurrentStockCalculation" name="test_transactions_on_baseline_date_not_counted" time="0.425" /><testcase classname="backend.tests.test_physical_stock_baseline.TestReverseSessionRemovesBaseline" name="test_reverse_removes_baseline" time="0.474" /><testcase classname="backend.tests.test_physical_stock_baseline.TestRejectedRowWeights" name="test_rejected_rows_have_old_weights" time="0.334" /><testcase classname="backend.tests.test_physical_stock_baseline.TestNonBaselineItemsNormalCalculation" name="test_non_baseline_item_uses_opening_stock" time="0.361" /><testcase classname="backend.tests.test_rejected_row_weights" name="test_rejected_rows_have_old_weights_after_finalize" time="0.324" /><testcase classname="backend.tests.test_rejected_row_weights" name="test_all_rejected_session_abandoned" time="0.302" /><testcase classname="backend.tests.test_rejected_row_weights" name="test_draft_items_start_with_old_weights" time="0.279" /></testsuite></testsuites>