<?xml version="1.0" encoding="utf-8"?><testsuites name="pytest tests"><testsuite name="pytest" errors="0" failures="0" skipped="1" tests="8" time="4.027" timestamp="2026-04-04T11:16:51.082706+00:00" hostname="agent-env-d63c045d-f455-43d9-b359-50b721030791"><testcase classname="backend.tests.test_polythene_management.TestPolytheneManagementAccess" name="test_admin_can_access_polythene_all" time="0.542" /><testcase classname="backend.tests.test_polythene_management.TestPolytheneManagementAccess" name="test_executive_can_access_polythene_all" time="0.417" /><testcase classname="backend.tests.test_polythene_management.TestPolytheneManagementAccess" name="test_polythene_executive_cannot_access_polythene_all" time="0.775" /><testcase classname="backend.tests.test_polythene_management.TestPolytheneManagementAccess" name="test_manager_cannot_access_polythene_all" time="0.321"><skipped type="pytest.skip" message="Could not login as manager user">/app/backend/tests/test_polythene_management.py:102: Could not login as manager user</skipped></testcase><testcase classname="backend.tests.test_polythene_management.TestPolytheneManagementAccess" name="test_unauthenticated_cannot_access_polythene_all" time="0.120" /><testcase classname="backend.tests.test_polythene_management.TestPolytheneDataStructure" name="test_polythene_entry_has_required_fields" time="0.407" /><testcase classname="backend.tests.test_polythene_management.TestPolytheneDeleteAccess" name="test_executive_cannot_delete_polythene_entry" time="0.873" /><testcase classname="backend.tests.test_polythene_management.TestUsersListForFilter" name="test_admin_can_get_users_list" time="0.469" /></testsuite></testsuites>