<?xml version="1.0" encoding="utf-8"?><testsuites name="pytest tests"><testsuite name="pytest" errors="0" failures="0" skipped="0" tests="21" time="4.511" timestamp="2026-02-21T19:08:29.493787+00:00" hostname="agent-env-b2c7f5bd-c386-4128-8048-69f29db2485e"><testcase classname="backend.tests.test_profit_and_unmapped.TestHealthAndAuth" name="test_health_check" time="0.282" /><testcase classname="backend.tests.test_profit_and_unmapped.TestProfitEndpoint" name="test_profit_endpoint_returns_200" time="0.152" /><testcase classname="backend.tests.test_profit_and_unmapped.TestProfitEndpoint" name="test_profit_has_required_fields" time="0.170" /><testcase classname="backend.tests.test_profit_and_unmapped.TestProfitEndpoint" name="test_labor_profit_is_positive" time="0.140" /><testcase classname="backend.tests.test_profit_and_unmapped.TestProfitEndpoint" name="test_labor_profit_is_substantial" time="0.144" /><testcase classname="backend.tests.test_profit_and_unmapped.TestProfitEndpoint" name="test_individual_items_have_nonzero_labor" time="0.142" /><testcase classname="backend.tests.test_profit_and_unmapped.TestSalesSummary" name="test_sales_summary_returns_200" time="0.144" /><testcase classname="backend.tests.test_profit_and_unmapped.TestSalesSummary" name="test_sales_summary_has_required_fields" time="0.133" /><testcase classname="backend.tests.test_profit_and_unmapped.TestSalesSummary" name="test_total_labor_is_nonzero" time="0.133" /><testcase classname="backend.tests.test_profit_and_unmapped.TestSalesSummary" name="test_total_labor_is_substantial" time="0.146" /><testcase classname="backend.tests.test_profit_and_unmapped.TestCustomerProfit" name="test_customer_profit_returns_200" time="0.183" /><testcase classname="backend.tests.test_profit_and_unmapped.TestCustomerProfit" name="test_customer_profit_has_labor_values" time="0.179" /><testcase classname="backend.tests.test_profit_and_unmapped.TestSupplierProfit" name="test_supplier_profit_returns_200" time="0.123" /><testcase classname="backend.tests.test_profit_and_unmapped.TestSupplierProfit" name="test_supplier_profit_has_labor_values" time="0.127" /><testcase classname="backend.tests.test_profit_and_unmapped.TestUnmappedItems" name="test_unmapped_returns_200" time="0.355" /><testcase classname="backend.tests.test_profit_and_unmapped.TestUnmappedItems" name="test_unmapped_has_required_fields" time="0.534" /><testcase classname="backend.tests.test_profit_and_unmapped.TestUnmappedItems" name="test_no_purely_numeric_items" time="0.366" /><testcase classname="backend.tests.test_profit_and_unmapped.TestUnmappedItems" name="test_no_136_in_unmapped" time="0.353" /><testcase classname="backend.tests.test_profit_and_unmapped.TestUnmappedItems" name="test_no_test_data_items" time="0.355" /><testcase classname="backend.tests.test_profit_and_unmapped.TestDateRangeFiltering" name="test_profit_with_date_range" time="0.113" /><testcase classname="backend.tests.test_profit_and_unmapped.TestDateRangeFiltering" name="test_sales_summary_with_date_range" time="0.125" /></testsuite></testsuites>