<?xml version="1.0" encoding="utf-8"?><testsuites name="pytest tests"><testsuite name="pytest" errors="0" failures="0" skipped="0" tests="16" time="1.553" timestamp="2026-02-10T08:36:06.685596+00:00" hostname="agent-env-891b2f38-83ba-4b1e-b07b-d1ff90120ced"><testcase classname="tests.test_bug_fixes.TestLogin" name="test_login_success" time="0.305" /><testcase classname="tests.test_bug_fixes.TestLogin" name="test_login_invalid_credentials" time="0.037" /><testcase classname="tests.test_bug_fixes.TestStats" name="test_stats_endpoint" time="0.039" /><testcase classname="tests.test_bug_fixes.TestHistorical" name="test_historical_summary" time="0.034" /><testcase classname="tests.test_bug_fixes.TestStampVerificationHistory" name="test_stamp_verification_history_returns_stamps" time="0.045" /><testcase classname="tests.test_bug_fixes.TestStampVerificationHistory" name="test_stamp_verification_history_sorted_numerically" time="0.048" /><testcase classname="tests.test_bug_fixes.TestMasterItems" name="test_master_items" time="0.048" /><testcase classname="tests.test_bug_fixes.TestStampAssignments" name="test_stamp_assignments_endpoint" time="0.036" /><testcase classname="tests.test_bug_fixes.TestVisualization" name="test_visualization_endpoint" time="0.053" /><testcase classname="tests.test_bug_fixes.TestInventory" name="test_current_inventory" time="0.072" /><testcase classname="tests.test_bug_fixes.TestStampNormalization" name="test_stamps_format_consistency" time="0.038" /><testcase classname="tests.test_bug_fixes.TestSeasonalAnalysis" name="test_seasonal_analysis_endpoint_requires_auth" time="0.294" /><testcase classname="tests.test_bug_fixes.TestSeasonalAnalysis" name="test_seasonal_analysis_with_auth" time="0.335" /><testcase classname="tests.test_bug_fixes.TestNotifications" name="test_notifications_categorized_with_auth" time="0.036" /><testcase classname="tests.test_bug_fixes.TestHealth" name="test_health_endpoint" time="0.030" /><testcase classname="tests.test_bug_fixes.TestHealth" name="test_root_health_endpoint" time="0.035" /></testsuite></testsuites>