<?xml version="1.0" encoding="utf-8"?><testsuites name="pytest tests"><testsuite name="pytest" errors="0" failures="0" skipped="0" tests="8" time="2.287" timestamp="2026-02-07T08:44:12.927402+00:00" hostname="agent-env-23559a20-c19b-4d6b-b3bc-db532ee695c1"><testcase classname="backend.tests.test_decimal_precision.TestAuth" name="test_health_check" time="0.057" /><testcase classname="backend.tests.test_decimal_precision.TestAuth" name="test_admin_login" time="0.287" /><testcase classname="backend.tests.test_decimal_precision.TestDecimalPrecision" name="test_current_inventory_api" time="0.311" /><testcase classname="backend.tests.test_decimal_precision.TestDecimalPrecision" name="test_inventory_count" time="0.314" /><testcase classname="backend.tests.test_decimal_precision.TestDecimalPrecision" name="test_physical_stock_compare_api" time="0.339" /><testcase classname="backend.tests.test_decimal_precision.TestDecimalPrecision" name="test_analytics_party_api" time="0.332" /><testcase classname="backend.tests.test_decimal_precision.TestDecimalPrecision" name="test_stats_api" time="0.291" /><testcase classname="backend.tests.test_decimal_precision.TestTransactions" name="test_get_transactions" time="0.295" /></testsuite></testsuites>