<?xml version="1.0" encoding="utf-8"?><testsuites name="pytest tests"><testsuite name="pytest" errors="0" failures="0" skipped="0" tests="32" time="6.949" timestamp="2026-04-04T13:35:55.149340+00:00" hostname="agent-env-d63c045d-f455-43d9-b359-50b721030791"><testcase classname="tests.test_seasonal_endpoints.TestProfitEndpointUnchanged" name="test_profit_endpoint_returns_200" time="0.658" /><testcase classname="tests.test_seasonal_endpoints.TestProfitEndpointUnchanged" name="test_profit_endpoint_returns_expected_fields" time="0.169" /><testcase classname="tests.test_seasonal_endpoints.TestOldSeasonalEndpointRemoved" name="test_old_seasonal_endpoint_returns_404" time="0.121" /><testcase classname="tests.test_seasonal_endpoints.TestSeasonalCompute" name="test_compute_returns_200_for_admin" time="2.132" /><testcase classname="tests.test_seasonal_endpoints.TestSeasonalCompute" name="test_compute_returns_summary_fields" time="0.119" /><testcase classname="tests.test_seasonal_endpoints.TestSeasonalCompute" name="test_compute_rejects_non_admin" time="0.455" /><testcase classname="tests.test_seasonal_endpoints.TestPMSFinal" name="test_pms_final_returns_200" time="0.152" /><testcase classname="tests.test_seasonal_endpoints.TestPMSFinal" name="test_pms_final_has_required_fields" time="0.169" /><testcase classname="tests.test_seasonal_endpoints.TestPMSFinal" name="test_pms_final_rejects_non_admin" time="0.110" /><testcase classname="tests.test_seasonal_endpoints.TestPMSSilver" name="test_pms_silver_returns_200" time="0.144" /><testcase classname="tests.test_seasonal_endpoints.TestPMSSilver" name="test_pms_silver_has_items" time="0.133" /><testcase classname="tests.test_seasonal_endpoints.TestPMSSilver" name="test_pms_silver_rejects_non_admin" time="0.103" /><testcase classname="tests.test_seasonal_endpoints.TestPMSLabour" name="test_pms_labour_returns_200" time="0.116" /><testcase classname="tests.test_seasonal_endpoints.TestPMSLabour" name="test_pms_labour_has_items" time="0.127" /><testcase classname="tests.test_seasonal_endpoints.TestPMSLabour" name="test_pms_labour_rejects_non_admin" time="0.107" /><testcase classname="tests.test_seasonal_endpoints.TestDemandForecast" name="test_demand_forecast_returns_200" time="0.121" /><testcase classname="tests.test_seasonal_endpoints.TestDemandForecast" name="test_demand_forecast_has_required_fields" time="0.120" /><testcase classname="tests.test_seasonal_endpoints.TestDemandForecast" name="test_demand_forecast_rejects_non_admin" time="0.137" /><testcase classname="tests.test_seasonal_endpoints.TestSeasonality" name="test_seasonality_returns_200" time="0.120" /><testcase classname="tests.test_seasonal_endpoints.TestSeasonality" name="test_seasonality_has_required_fields" time="0.113" /><testcase classname="tests.test_seasonal_endpoints.TestSeasonality" name="test_seasonality_rejects_non_admin" time="0.103" /><testcase classname="tests.test_seasonal_endpoints.TestProcurement" name="test_procurement_returns_200" time="0.140" /><testcase classname="tests.test_seasonal_endpoints.TestProcurement" name="test_procurement_has_required_fields" time="0.139" /><testcase classname="tests.test_seasonal_endpoints.TestProcurement" name="test_procurement_rejects_non_admin" time="0.104" /><testcase classname="tests.test_seasonal_endpoints.TestSupplierView" name="test_supplier_view_returns_200" time="0.104" /><testcase classname="tests.test_seasonal_endpoints.TestSupplierView" name="test_supplier_view_has_required_fields" time="0.098" /><testcase classname="tests.test_seasonal_endpoints.TestSupplierView" name="test_supplier_view_rejects_non_admin" time="0.119" /><testcase classname="tests.test_seasonal_endpoints.TestDeadStock" name="test_dead_stock_returns_200" time="0.106" /><testcase classname="tests.test_seasonal_endpoints.TestDeadStock" name="test_dead_stock_has_required_fields" time="0.120" /><testcase classname="tests.test_seasonal_endpoints.TestDeadStock" name="test_dead_stock_rejects_non_admin" time="0.100" /><testcase classname="tests.test_seasonal_endpoints.TestSeasonalStatus" name="test_status_returns_200" time="0.110" /><testcase classname="tests.test_seasonal_endpoints.TestSeasonalStatus" name="test_status_has_cached_field" time="0.102" /></testsuite></testsuites>