<?xml version="1.0" encoding="utf-8"?><testsuites name="pytest tests"><testsuite name="pytest" errors="0" failures="0" skipped="0" tests="56" time="13.720" timestamp="2026-03-09T09:30:11.321131+00:00" hostname="agent-env-1023971b-c6a4-493c-aab3-4982dbecea8f"><testcase classname="backend.tests.test_security_hardening_v19.TestHealthEndpoint" name="test_health_public" time="0.335" /><testcase classname="backend.tests.test_security_hardening_v19.TestHealthEndpoint" name="test_api_health_public" time="0.141" /><testcase classname="backend.tests.test_security_hardening_v19.TestLogin" name="test_login_success" time="0.341" /><testcase classname="backend.tests.test_security_hardening_v19.TestInitializeAdmin" name="test_initialize_admin_no_password" time="0.132" /><testcase classname="backend.tests.test_security_hardening_v19.TestGETRoutesRequireAuth" name="test_transactions_requires_auth" time="0.142" /><testcase classname="backend.tests.test_security_hardening_v19.TestGETRoutesRequireAuth" name="test_inventory_current_requires_auth" time="0.100" /><testcase classname="backend.tests.test_security_hardening_v19.TestGETRoutesRequireAuth" name="test_analytics_profit_requires_auth" time="0.121" /><testcase classname="backend.tests.test_security_hardening_v19.TestGETRoutesRequireAuth" name="test_orders_requires_auth" time="0.119" /><testcase classname="backend.tests.test_security_hardening_v19.TestGETRoutesRequireAuth" name="test_item_buffers_requires_auth" time="0.112" /><testcase classname="backend.tests.test_security_hardening_v19.TestGETRoutesRequireAuth" name="test_master_items_requires_auth" time="0.104" /><testcase classname="backend.tests.test_security_hardening_v19.TestGETRoutesRequireAuth" name="test_mappings_all_requires_auth" time="0.110" /><testcase classname="backend.tests.test_security_hardening_v19.TestGETRoutesRequireAuth" name="test_stats_requires_auth" time="0.130" /><testcase classname="backend.tests.test_security_hardening_v19.TestGETRoutesRequireAuth" name="test_historical_summary_requires_auth" time="0.121" /><testcase classname="backend.tests.test_security_hardening_v19.TestGETRoutesRequireAuth" name="test_purchase_ledger_all_requires_auth" time="0.102" /><testcase classname="backend.tests.test_security_hardening_v19.TestGETRoutesRequireAuth" name="test_mappings_unmapped_requires_auth" time="0.115" /><testcase classname="backend.tests.test_security_hardening_v19.TestGETRoutesRequireAuth" name="test_stamp_verification_all_requires_auth" time="0.099" /><testcase classname="backend.tests.test_security_hardening_v19.TestGETRoutesRequireAuth" name="test_stamp_verification_history_requires_auth" time="0.103" /><testcase classname="backend.tests.test_security_hardening_v19.TestGETRoutesRequireAuth" name="test_analytics_customer_profit_requires_auth" time="0.109" /><testcase classname="backend.tests.test_security_hardening_v19.TestGETRoutesRequireAuth" name="test_analytics_supplier_profit_requires_auth" time="0.105" /><testcase classname="backend.tests.test_security_hardening_v19.TestGETRoutesWithAuth" name="test_transactions_with_auth" time="0.717" /><testcase classname="backend.tests.test_security_hardening_v19.TestGETRoutesWithAuth" name="test_inventory_current_with_auth" time="0.494" /><testcase classname="backend.tests.test_security_hardening_v19.TestGETRoutesWithAuth" name="test_analytics_profit_with_auth" time="0.468" /><testcase classname="backend.tests.test_security_hardening_v19.TestGETRoutesWithAuth" name="test_orders_with_auth" time="0.382" /><testcase classname="backend.tests.test_security_hardening_v19.TestGETRoutesWithAuth" name="test_item_buffers_with_auth" time="0.516" /><testcase classname="backend.tests.test_security_hardening_v19.TestGETRoutesWithAuth" name="test_master_items_with_auth" time="0.394" /><testcase classname="backend.tests.test_security_hardening_v19.TestGETRoutesWithAuth" name="test_mappings_all_with_auth" time="0.383" /><testcase classname="backend.tests.test_security_hardening_v19.TestGETRoutesWithAuth" name="test_stats_with_auth" time="0.402" /><testcase classname="backend.tests.test_security_hardening_v19.TestGETRoutesWithAuth" name="test_historical_summary_with_auth" time="0.927" /><testcase classname="backend.tests.test_security_hardening_v19.TestAdminOnlyWriteEndpoints" name="test_client_batch_requires_auth" time="0.108" /><testcase classname="backend.tests.test_security_hardening_v19.TestAdminOnlyWriteEndpoints" name="test_mappings_create_new_item_requires_auth" time="0.114" /><testcase classname="backend.tests.test_security_hardening_v19.TestAdminOnlyWriteEndpoints" name="test_purchase_ledger_upload_requires_auth" time="0.100" /><testcase classname="backend.tests.test_security_hardening_v19.TestAdminOnlyWriteEndpoints" name="test_mappings_create_requires_auth" time="0.124" /><testcase classname="backend.tests.test_security_hardening_v19.TestAdminOnlyWriteEndpoints" name="test_mappings_delete_requires_auth" time="0.105" /><testcase classname="backend.tests.test_security_hardening_v19.TestAdminOnlyWriteEndpoints" name="test_history_undo_requires_auth" time="0.099" /><testcase classname="backend.tests.test_security_hardening_v19.TestAdminOnlyWriteEndpoints" name="test_item_assign_stamp_requires_auth" time="0.099" /><testcase classname="backend.tests.test_security_hardening_v19.TestAdminOnlyWriteEndpoints" name="test_item_buffers_update_requires_auth" time="0.102" /><testcase classname="backend.tests.test_security_hardening_v19.TestAdminOnlyWriteEndpoints" name="test_smart_insights_requires_auth" time="0.105" /><testcase classname="backend.tests.test_security_hardening_v19.TestAdminOnlyEndpointsWithAuth" name="test_client_batch_admin_only_code_check" time="0.380" /><testcase classname="backend.tests.test_security_hardening_v19.TestAdminOnlyEndpointsWithAuth" name="test_mappings_create_new_item_admin_only" time="0.431" /><testcase classname="backend.tests.test_security_hardening_v19.TestAdminOnlyEndpointsWithAuth" name="test_purchase_ledger_upload_admin_only" time="0.372" /><testcase classname="backend.tests.test_security_hardening_v19.TestAdminOnlyEndpointsWithAuth" name="test_mappings_delete_admin_only" time="0.389" /><testcase classname="backend.tests.test_security_hardening_v19.TestAdminOnlyEndpointsWithAuth" name="test_history_undo_admin_only" time="0.397" /><testcase classname="backend.tests.test_security_hardening_v19.TestPhysicalStockUploadRoles" name="test_physical_stock_upload_admin_allowed" time="0.417" /><testcase classname="backend.tests.test_security_hardening_v19.TestIDORPolytheneToday" name="test_polythene_today_requires_auth" time="0.436" /><testcase classname="backend.tests.test_security_hardening_v19.TestIDORPolytheneToday" name="test_polythene_today_admin_can_view_own" time="0.371" /><testcase classname="backend.tests.test_security_hardening_v19.TestIDORPolytheneToday" name="test_polythene_today_admin_can_view_others" time="0.368" /><testcase classname="backend.tests.test_security_hardening_v19.TestNotificationMarkRead" name="test_notification_mark_read_requires_auth" time="0.425" /><testcase classname="backend.tests.test_security_hardening_v19.TestNotificationMarkRead" name="test_notification_mark_read_with_auth" time="0.394" /><testcase classname="backend.tests.test_security_hardening_v19.TestMoreGETEndpointsNoAuth" name="test_physical_stock_compare_requires_auth" time="0.102" /><testcase classname="backend.tests.test_security_hardening_v19.TestMoreGETEndpointsNoAuth" name="test_history_recent_uploads_requires_auth" time="0.093" /><testcase classname="backend.tests.test_security_hardening_v19.TestMoreGETEndpointsNoAuth" name="test_history_actions_requires_auth" time="0.116" /><testcase classname="backend.tests.test_security_hardening_v19.TestMoreGETEndpointsNoAuth" name="test_notifications_my_requires_auth" time="0.106" /><testcase classname="backend.tests.test_security_hardening_v19.TestMoreGETEndpointsNoAuth" name="test_activity_log_requires_auth" time="0.102" /><testcase classname="backend.tests.test_security_hardening_v19.TestMoreGETEndpointsNoAuth" name="test_item_groups_requires_auth" time="0.105" /><testcase classname="backend.tests.test_security_hardening_v19.TestMoreGETEndpointsNoAuth" name="test_stamp_assignments_requires_auth" time="0.114" /><testcase classname="backend.tests.test_security_hardening_v19.TestMoreGETEndpointsNoAuth" name="test_orders_overdue_requires_auth" time="0.095" /></testsuite></testsuites>