<?xml version="1.0" encoding="utf-8"?><testsuites name="pytest tests"><testsuite name="pytest" errors="0" failures="0" skipped="0" tests="26" time="4.988" timestamp="2026-03-09T08:37:42.450181+00:00" hostname="agent-env-1023971b-c6a4-493c-aab3-4982dbecea8f"><testcase classname="tests.test_security_hardening.TestHealthEndpoint" name="test_health_returns_200" time="0.153" /><testcase classname="tests.test_security_hardening.TestAuthLogin" name="test_login_success" time="0.326" /><testcase classname="tests.test_security_hardening.TestUnauthenticatedEndpoints403" name="test_upload_client_batch_no_auth" time="0.139" /><testcase classname="tests.test_security_hardening.TestUnauthenticatedEndpoints403" name="test_mappings_create_new_item_no_auth" time="0.097" /><testcase classname="tests.test_security_hardening.TestUnauthenticatedEndpoints403" name="test_physical_stock_upload_no_auth" time="0.128" /><testcase classname="tests.test_security_hardening.TestUnauthenticatedEndpoints403" name="test_purchase_ledger_upload_no_auth" time="0.133" /><testcase classname="tests.test_security_hardening.TestUnauthenticatedEndpoints403" name="test_mappings_create_no_auth" time="0.102" /><testcase classname="tests.test_security_hardening.TestUnauthenticatedEndpoints403" name="test_stamp_verification_save_no_auth" time="0.095" /><testcase classname="tests.test_security_hardening.TestUnauthenticatedEndpoints403" name="test_mappings_delete_no_auth" time="0.128" /><testcase classname="tests.test_security_hardening.TestUnauthenticatedEndpoints403" name="test_history_undo_no_auth" time="0.103" /><testcase classname="tests.test_security_hardening.TestUnauthenticatedEndpoints403" name="test_assign_stamp_no_auth" time="0.098" /><testcase classname="tests.test_security_hardening.TestUnauthenticatedEndpoints403" name="test_item_buffers_update_no_auth" time="0.122" /><testcase classname="tests.test_security_hardening.TestUnauthenticatedEndpoints403" name="test_smart_insights_no_auth" time="0.098" /><testcase classname="tests.test_security_hardening.TestUnauthenticatedEndpoints403" name="test_history_undo_upload_no_auth" time="0.107" /><testcase classname="tests.test_security_hardening.TestUnauthenticatedEndpoints403" name="test_history_recent_uploads_no_auth" time="0.095" /><testcase classname="tests.test_security_hardening.TestUnauthenticatedEndpoints403" name="test_executive_entries_no_auth" time="0.099" /><testcase classname="tests.test_security_hardening.TestUnauthenticatedEndpoints403" name="test_polythene_today_no_auth" time="0.097" /><testcase classname="tests.test_security_hardening.TestUnauthenticatedEndpoints403" name="test_notifications_read_no_auth" time="0.111" /><testcase classname="tests.test_security_hardening.TestAuthenticatedEndpoints" name="test_executive_entries_own_access" time="0.456" /><testcase classname="tests.test_security_hardening.TestAuthenticatedEndpoints" name="test_history_recent_uploads_admin" time="0.099" /><testcase classname="tests.test_security_hardening.TestAuthenticatedEndpoints" name="test_polythene_today_with_auth" time="0.104" /><testcase classname="tests.test_security_hardening.TestHorizontalAccessControl" name="test_executive_entries_requires_ownership" time="0.534" /><testcase classname="tests.test_security_hardening.TestDuplicateCheck" name="test_create_new_item_duplicate_check" time="0.536" /><testcase classname="tests.test_security_hardening.TestAdminOnlyEndpoints" name="test_undo_upload_admin_can_access" time="0.437" /><testcase classname="tests.test_security_hardening.TestAdminOnlyEndpoints" name="test_recent_uploads_admin_can_access" time="0.097" /><testcase classname="tests.test_security_hardening.TestNotificationScoping" name="test_notification_read_with_auth" time="0.427" /></testsuite></testsuites>