<?xml version="1.0" encoding="utf-8"?><testsuites name="pytest tests"><testsuite name="pytest" errors="0" failures="0" skipped="0" tests="17" time="2.969" timestamp="2026-03-09T07:47:50.485828+00:00" hostname="agent-env-538c4f2c-ef5f-4694-af3f-dfbf2e610451"><testcase classname="backend.tests.test_security_fixes.TestUploadEndpointAuth" name="test_opening_stock_upload_no_auth" time="0.164" /><testcase classname="backend.tests.test_security_fixes.TestUploadEndpointAuth" name="test_transaction_sale_upload_no_auth" time="0.103" /><testcase classname="backend.tests.test_security_fixes.TestUploadEndpointAuth" name="test_transaction_purchase_upload_no_auth" time="0.103" /><testcase classname="backend.tests.test_security_fixes.TestUploadEndpointAuth" name="test_init_chunked_upload_no_auth" time="0.102" /><testcase classname="backend.tests.test_security_fixes.TestUploadEndpointAuth" name="test_master_stock_upload_no_auth" time="0.107" /><testcase classname="backend.tests.test_security_fixes.TestDeleteResetEndpointAuth" name="test_delete_all_transactions_no_auth" time="0.106" /><testcase classname="backend.tests.test_security_fixes.TestDeleteResetEndpointAuth" name="test_system_reset_no_auth" time="0.103" /><testcase classname="backend.tests.test_security_fixes.TestDeleteResetEndpointAuth" name="test_delete_all_transactions_non_admin" time="0.774" /><testcase classname="backend.tests.test_security_fixes.TestDeleteResetEndpointAuth" name="test_system_reset_non_admin" time="0.100" /><testcase classname="backend.tests.test_security_fixes.TestDeleteResetEndpointAuth" name="test_system_reset_admin_wrong_password" time="0.436" /><testcase classname="backend.tests.test_security_fixes.TestPolytheneDeleteAuth" name="test_polythene_delete_no_auth" time="0.099" /><testcase classname="backend.tests.test_security_fixes.TestPolytheneDeleteAuth" name="test_polythene_delete_non_admin" time="0.104" /><testcase classname="backend.tests.test_security_fixes.TestPolytheneDeleteAuth" name="test_polythene_delete_admin_nonexistent" time="0.100" /><testcase classname="backend.tests.test_security_fixes.TestAuthenticatedEndpointsWork" name="test_profit_endpoint_with_auth" time="0.176" /><testcase classname="backend.tests.test_security_fixes.TestAuthenticatedEndpointsWork" name="test_init_upload_with_auth" time="0.110" /><testcase classname="backend.tests.test_security_fixes.TestNotificationsQuery" name="test_get_my_notifications" time="0.112" /><testcase classname="backend.tests.test_security_fixes.TestHealthEndpoint" name="test_api_health" time="0.103" /></testsuite></testsuites>