<?xml version="1.0" encoding="utf-8"?><testsuites name="pytest tests"><testsuite name="pytest" errors="0" failures="0" skipped="0" tests="9" time="2.470" timestamp="2026-03-03T12:06:12.980137+00:00" hostname="agent-env-538c4f2c-ef5f-4694-af3f-dfbf2e610451"><testcase classname="backend.tests.test_stamp_approval_fix.TestLoginFlow" name="test_login_success" time="0.359" /><testcase classname="backend.tests.test_stamp_approval_fix.TestLoginFlow" name="test_login_invalid_credentials" time="0.325" /><testcase classname="backend.tests.test_stamp_approval_fix.TestCurrentStock" name="test_current_inventory_endpoint" time="0.667" /><testcase classname="backend.tests.test_stamp_approval_fix.TestProfitAnalysis" name="test_profit_endpoint" time="0.181" /><testcase classname="backend.tests.test_stamp_approval_fix.TestStampApprovalDetails" name="test_approval_details_without_date" time="0.324" /><testcase classname="backend.tests.test_stamp_approval_fix.TestStampApprovalDetails" name="test_approval_details_with_verification_date" time="0.166" /><testcase classname="backend.tests.test_stamp_approval_fix.TestStampApprovalDetails" name="test_approval_endpoint_accepts_date_param" time="0.114" /><testcase classname="backend.tests.test_stamp_approval_fix.TestAllEntries" name="test_all_entries_endpoint" time="0.168" /><testcase classname="backend.tests.test_stamp_approval_fix.TestHealthEndpoints" name="test_api_health_endpoint" time="0.099" /></testsuite></testsuites>