<?xml version="1.0" encoding="utf-8"?><testsuites name="pytest tests"><testsuite name="pytest" errors="0" failures="0" skipped="0" tests="14" time="2.376" timestamp="2026-02-10T15:40:53.006522+00:00" hostname="agent-env-5ba329ee-1066-4523-979b-9cc67e9bbbee"><testcase classname="backend.tests.test_stock_entry_date_model.TestHealthAndAuth" name="test_health_endpoint" time="0.078" /><testcase classname="backend.tests.test_stock_entry_date_model.TestHealthAndAuth" name="test_admin_login" time="0.262" /><testcase classname="backend.tests.test_stock_entry_date_model.TestHealthAndAuth" name="test_manager_login" time="0.239" /><testcase classname="backend.tests.test_stock_entry_date_model.TestHealthAndAuth" name="test_executive_login" time="0.231" /><testcase classname="backend.tests.test_stock_entry_date_model.TestStockEntrySubmission" name="test_submit_new_stock_entry_creates_entry_day" time="0.336" /><testcase classname="backend.tests.test_stock_entry_date_model.TestStockEntrySubmission" name="test_resubmit_same_stamp_same_day_overwrites" time="0.124" /><testcase classname="backend.tests.test_stock_entry_date_model.TestManagerApproval" name="test_approve_creates_approval_with_approval_day" time="0.346" /><testcase classname="backend.tests.test_stock_entry_date_model.TestManagerApproval" name="test_resubmit_after_approval_same_day_clears_approval" time="0.088" /><testcase classname="backend.tests.test_stock_entry_date_model.TestMyEntriesEndpoint" name="test_my_entries_returns_latest_per_stamp" time="0.010" /><testcase classname="backend.tests.test_stock_entry_date_model.TestAllEntriesEndpoint" name="test_all_entries_sorted_by_entry_date_desc" time="0.010" /><testcase classname="backend.tests.test_stock_entry_date_model.TestPendingApprovalsEndpoint" name="test_pending_approvals_returns_pending_only" time="0.008" /><testcase classname="backend.tests.test_stock_entry_date_model.TestMultiDayScenario" name="test_submit_same_stamp_different_day_creates_new_entry" time="0.292" /><testcase classname="backend.tests.test_stock_entry_date_model.TestRejectionFlow" name="test_reject_entry_allows_edit" time="0.141" /><testcase classname="backend.tests.test_stock_entry_date_model.TestCleanup" name="test_cleanup_test_entries" time="0.132" /></testsuite></testsuites>