<?xml version="1.0" encoding="utf-8"?><testsuites name="pytest tests"><testsuite name="pytest" errors="0" failures="1" skipped="5" tests="14" time="1.912" timestamp="2026-02-10T15:40:20.319952+00:00" hostname="agent-env-5ba329ee-1066-4523-979b-9cc67e9bbbee"><testcase classname="backend.tests.test_stock_entry_date_model.TestHealthAndAuth" name="test_health_endpoint" time="0.096" /><testcase classname="backend.tests.test_stock_entry_date_model.TestHealthAndAuth" name="test_admin_login" time="0.257" /><testcase classname="backend.tests.test_stock_entry_date_model.TestHealthAndAuth" name="test_manager_login" time="0.236"><failure message="assert 401 == 200&#10; +  where 401 = &lt;Response [401]&gt;.status_code">backend/tests/test_stock_entry_date_model.py:95: in test_manager_login
    assert response.status_code == 200
E   assert 401 == 200
E    +  where 401 = &lt;Response [401]&gt;.status_code</failure></testcase><testcase classname="backend.tests.test_stock_entry_date_model.TestHealthAndAuth" name="test_executive_login" time="0.235" /><testcase classname="backend.tests.test_stock_entry_date_model.TestStockEntrySubmission" name="test_submit_new_stock_entry_creates_entry_day" time="0.264" /><testcase classname="backend.tests.test_stock_entry_date_model.TestStockEntrySubmission" name="test_resubmit_same_stamp_same_day_overwrites" time="0.049" /><testcase classname="backend.tests.test_stock_entry_date_model.TestManagerApproval" name="test_approve_creates_approval_with_approval_day" time="0.233"><skipped type="pytest.skip" message="Manager authentication failed">/app/backend/tests/test_stock_entry_date_model.py:209: Manager authentication failed</skipped></testcase><testcase classname="backend.tests.test_stock_entry_date_model.TestManagerApproval" name="test_resubmit_after_approval_same_day_clears_approval" time="0.000"><skipped type="pytest.skip" message="Manager authentication failed">/app/backend/tests/test_stock_entry_date_model.py:247: Manager authentication failed</skipped></testcase><testcase classname="backend.tests.test_stock_entry_date_model.TestMyEntriesEndpoint" name="test_my_entries_returns_latest_per_stamp" time="0.010" /><testcase classname="backend.tests.test_stock_entry_date_model.TestAllEntriesEndpoint" name="test_all_entries_sorted_by_entry_date_desc" time="0.000"><skipped type="pytest.skip" message="Manager authentication failed">/app/backend/tests/test_stock_entry_date_model.py:329: Manager authentication failed</skipped></testcase><testcase classname="backend.tests.test_stock_entry_date_model.TestPendingApprovalsEndpoint" name="test_pending_approvals_returns_pending_only" time="0.000"><skipped type="pytest.skip" message="Manager authentication failed">/app/backend/tests/test_stock_entry_date_model.py:351: Manager authentication failed</skipped></testcase><testcase classname="backend.tests.test_stock_entry_date_model.TestMultiDayScenario" name="test_submit_same_stamp_different_day_creates_new_entry" time="0.295" /><testcase classname="backend.tests.test_stock_entry_date_model.TestRejectionFlow" name="test_reject_entry_allows_edit" time="0.000"><skipped type="pytest.skip" message="Manager authentication failed">/app/backend/tests/test_stock_entry_date_model.py:412: Manager authentication failed</skipped></testcase><testcase classname="backend.tests.test_stock_entry_date_model.TestCleanup" name="test_cleanup_test_entries" time="0.137" /></testsuite></testsuites>