<?xml version="1.0" encoding="utf-8"?><testsuites name="pytest tests"><testsuite name="pytest" errors="0" failures="0" skipped="0" tests="16" time="4.999" timestamp="2026-02-12T14:36:14.483884+00:00" hostname="agent-env-7ebf7730-e850-4e47-991e-2ed96dc80888"><testcase classname="tests.test_three_new_features.TestItemGroups" name="test_get_item_groups_returns_list" time="0.402" /><testcase classname="tests.test_three_new_features.TestItemGroups" name="test_get_suggestions_returns_items" time="0.044" /><testcase classname="tests.test_three_new_features.TestItemGroups" name="test_create_item_group" time="0.136" /><testcase classname="tests.test_three_new_features.TestItemGroups" name="test_create_group_requires_auth" time="0.042" /><testcase classname="tests.test_three_new_features.TestItemGroups" name="test_create_group_requires_min_members" time="0.038" /><testcase classname="tests.test_three_new_features.TestItemGroups" name="test_delete_item_group" time="0.197" /><testcase classname="tests.test_three_new_features.TestItemGroups" name="test_delete_requires_auth" time="0.040" /><testcase classname="tests.test_three_new_features.TestStampDetail" name="test_get_stamp_detail" time="0.113" /><testcase classname="tests.test_three_new_features.TestStampDetail" name="test_stamp_detail_nonexistent_stamp" time="0.061" /><testcase classname="tests.test_three_new_features.TestStampAssignments" name="test_get_stamp_assignments" time="0.041" /><testcase classname="tests.test_three_new_features.TestStampAssignments" name="test_create_stamp_assignment" time="0.081" /><testcase classname="tests.test_three_new_features.TestStampAssignments" name="test_stamp_assignment_reflected_in_detail" time="0.147" /><testcase classname="tests.test_three_new_features.TestSeasonalItemBuffers" name="test_categorize_endpoint_returns_seasonal_info" time="0.982" /><testcase classname="tests.test_three_new_features.TestSeasonalItemBuffers" name="test_categorize_requires_auth" time="0.036" /><testcase classname="tests.test_three_new_features.TestSeasonalItemBuffers" name="test_item_buffers_show_groups" time="1.089" /><testcase classname="tests.test_three_new_features.TestIntegration" name="test_group_merged_in_buffers" time="1.418" /></testsuite></testsuites>