<?xml version="1.0" encoding="utf-8"?><testsuites name="pytest tests"><testsuite name="pytest" errors="0" failures="0" skipped="0" tests="15" time="2.866" timestamp="2026-03-14T16:11:06.845197+00:00" hostname="agent-env-8c9f3aca-18f8-44e9-849f-fd1da22fdf0e"><testcase classname="tests.test_upload_flows.TestTransactionUpload" name="test_purchase_upload_endpoint_exists" time="0.877" /><testcase classname="tests.test_upload_flows.TestTransactionUpload" name="test_sale_upload_endpoint_exists" time="0.153" /><testcase classname="tests.test_upload_flows.TestChunkedUpload" name="test_chunked_init_purchase" time="0.150" /><testcase classname="tests.test_upload_flows.TestChunkedUpload" name="test_chunked_init_sale" time="0.116" /><testcase classname="tests.test_upload_flows.TestChunkedUpload" name="test_chunked_init_branch_transfer" time="0.126" /><testcase classname="tests.test_upload_flows.TestChunkedUpload" name="test_chunked_init_opening_stock" time="0.120" /><testcase classname="tests.test_upload_flows.TestChunkedUpload" name="test_chunked_init_master_stock" time="0.110" /><testcase classname="tests.test_upload_flows.TestChunkedUpload" name="test_chunked_init_invalid_type" time="0.118" /><testcase classname="tests.test_upload_flows.TestOpeningStockUpload" name="test_opening_stock_upload_endpoint" time="0.127" /><testcase classname="tests.test_upload_flows.TestMasterStockUpload" name="test_master_stock_upload_endpoint" time="0.139" /><testcase classname="tests.test_upload_flows.TestPhysicalStockFullUpload" name="test_physical_stock_full_replacement" time="0.126" /><testcase classname="tests.test_upload_flows.TestUploadAuthRequired" name="test_physical_stock_upload_requires_auth" time="0.103" /><testcase classname="tests.test_upload_flows.TestUploadAuthRequired" name="test_physical_stock_preview_requires_auth" time="0.114" /><testcase classname="tests.test_upload_flows.TestUploadAuthRequired" name="test_physical_stock_apply_requires_auth" time="0.110" /><testcase classname="tests.test_upload_flows.TestUploadAuthRequired" name="test_upload_init_requires_auth" time="0.109" /></testsuite></testsuites>