<?xml version="1.0" encoding="utf-8"?><testsuites name="pytest tests"><testsuite name="pytest" errors="0" failures="0" skipped="0" tests="9" time="2.961" timestamp="2026-03-20T08:52:07.872267+00:00" hostname="agent-env-ef134708-c90c-456b-a635-5093d60f3976"><testcase classname="tests.test_upload_preview_fixes.TestHealthAndBasics" name="test_health_endpoint" time="0.162" /><testcase classname="tests.test_upload_preview_fixes.TestCurrentInventory" name="test_current_inventory_returns_data" time="0.547" /><testcase classname="tests.test_upload_preview_fixes.TestCurrentInventory" name="test_current_inventory_has_group_member_breakdown" time="0.204" /><testcase classname="tests.test_upload_preview_fixes.TestUploadPreviewGroupMemberResolution" name="test_group_member_resolves_to_leader" time="0.687" /><testcase classname="tests.test_upload_preview_fixes.TestUploadPreviewBaseMatchesCurrentStock" name="test_base_values_match_current_inventory" time="0.373" /><testcase classname="tests.test_upload_preview_fixes.TestCompareEndpointGrossDifference" name="test_compare_includes_gross_difference" time="0.246" /><testcase classname="tests.test_upload_preview_fixes.TestCompareEndpointGrossDifference" name="test_compare_requires_verification_date" time="0.108" /><testcase classname="tests.test_upload_preview_fixes.TestApplyUpdates" name="test_apply_updates_works" time="0.320" /><testcase classname="tests.test_upload_preview_fixes.TestPhysicalStockDates" name="test_dates_sorted_descending" time="0.102" /></testsuite></testsuites>